<?xml version="1.0" encoding="UTF-8"?>
<testng-results ignored="0" total="1" passed="1" failed="0" skipped="0">
  <reporter-output>
  </reporter-output>
  <suite started-at="2023-04-01T20:13:38 EET" name="Default suite" finished-at="2023-04-01T20:13:53 EET" duration-ms="15260">
    <groups>
    </groups>
    <test started-at="2023-04-01T20:13:38 EET" name="Default test" finished-at="2023-04-01T20:13:53 EET" duration-ms="15260">
      <class name="final_project.test">
        <test-method is-config="true" signature="BeforeTest1()[pri:0, instance:final_project.test@7f4037ed]" started-at="2023-04-01T20:13:38 EET" name="BeforeTest1" finished-at="2023-04-01T20:13:38 EET" duration-ms="18" status="PASS">
          <reporter-output>
          </reporter-output>
        </test-method> <!-- BeforeTest1 -->
        <test-method signature="test()[pri:0, instance:final_project.test@7f4037ed]" started-at="2023-04-01T20:13:38 EET" name="test" finished-at="2023-04-01T20:13:53 EET" duration-ms="15166" status="PASS">
          <reporter-output>
          </reporter-output>
        </test-method> <!-- test -->
      </class> <!-- final_project.test -->
    </test> <!-- Default test -->
  </suite> <!-- Default suite -->
</testng-results>
